Change Component Designator: Old Designator=C? New Designator=C251
Change Component Designator: Old Designator=C? New Designator=C252
Change Component Designator: Old Designator=C? New Designator=C253
Change Component Designator: Old Designator=C? New Designator=C254
Change Component Designator: Old Designator=C? New Designator=C255
Change Component Designator: Old Designator=C? New Designator=C256
Change Component Designator: Old Designator=C? New Designator=C257
Change Component Designator: Old Designator=C? New Designator=C258
Change Component Designator: Old Designator=C? New Designator=C259
Change Component Designator: Old Designator=C? New Designator=C260
Change Component Designator: Old Designator=C? New Designator=C261
Change Component Designator: Old Designator=C? New Designator=C262
Change Component Designator: Old Designator=C? New Designator=C263
Change Component Designator: Old Designator=C? New Designator=C264
Change Component Designator: Old Designator=C? New Designator=C265
Change Component Designator: Old Designator=C? New Designator=C266
Change Component Designator: Old Designator=C? New Designator=C267
Change Component Designator: Old Designator=C? New Designator=C268
Change Component Designator: Old Designator=C? New Designator=C269
Change Component Designator: Old Designator=C? New Designator=C270
Change Component Designator: Old Designator=L? New Designator=L1
Change Component Designator: Old Designator=R? New Designator=R69
Change Component Designator: Old Designator=R? New Designator=R70
Change Component Designator: Old Designator=R? New Designator=R71
Change Component Designator: Old Designator=R? New Designator=R72
Change Component Designator: Old Designator=R? New Designator=R73
Change Component Designator: Old Designator=R? New Designator=R74
Change Component Designator: Old Designator=R? New Designator=R75
Change Component Designator: Old Designator=R? New Designator=R76
Change Component Designator: Old Designator=R? New Designator=R77
Change Component Designator: Old Designator=R? New Designator=R78
Change Component Designator: Old Designator=R? New Designator=R79
Change Component Designator: Old Designator=R? New Designator=R80
Change Component Designator: Old Designator=R? New Designator=R81
Change Component Designator: Old Designator=R? New Designator=R82
Change Component Designator: Old Designator=R? New Designator=R83
Change Component Designator: Old Designator=R? New Designator=R84
Change Component Designator: Old Designator=R? New Designator=R85
Change Component Designator: Old Designator=R? New Designator=R86
Change Component Designator: Old Designator=R? New Designator=R87
Change Component Designator: Old Designator=R? New Designator=R88
Change Component Designator: Old Designator=R? New Designator=R89
Change Component Designator: Old Designator=R? New Designator=R90
Change Component Designator: Old Designator=R? New Designator=R91
Change Component Designator: Old Designator=U? New Designator=U12
Change Component Designator: Old Designator=Y? New Designator=Y3
