Change Physical Footprint: Designator=C1 Old Footprint=CAP_0402 New Footprint=CAP_0402
Change Physical Footprint: Designator=C2 Old Footprint=CAP_0402 New Footprint=CAP_0402
Change Physical Footprint: Designator=C3 Old Footprint=CAP_0201 New Footprint=CAP_0201
Change Physical Footprint: Designator=C4 Old Footprint=CAP_0201 New Footprint=CAP_0201
Change Physical Footprint: Designator=C5 Old Footprint=CAP_0201 New Footprint=CAP_0201
Change Physical Footprint: Designator=C6 Old Footprint=CAP_0201 New Footprint=CAP_0201
Change Physical Footprint: Designator=C7 Old Footprint=CAP_0201 New Footprint=CAP_0201
Change Physical Footprint: Designator=C8 Old Footprint=CAP_0201 New Footprint=CAP_0201
Change Physical Footprint: Designator=C9 Old Footprint=CAP_0201 New Footprint=CAP_0201
Change Physical Footprint: Designator=C10 Old Footprint=CAP_0402 New Footprint=CAP_0402
Change Physical Footprint: Designator=C11 Old Footprint=CAP_0402 New Footprint=CAP_0402
Change Physical Footprint: Designator=C12 Old Footprint=CAP_0201 New Footprint=CAP_0201
Change Physical Footprint: Designator=C13 Old Footprint=CAP_0201 New Footprint=CAP_0201
Change Physical Footprint: Designator=C14 Old Footprint=CAP_0201 New Footprint=CAP_0201
Change Physical Footprint: Designator=C15 Old Footprint=CAP_0201 New Footprint=CAP_0201
Change Physical Footprint: Designator=C16 Old Footprint=CAP_0201 New Footprint=CAP_0201
Change Physical Footprint: Designator=C17 Old Footprint=CAP_0201 New Footprint=CAP_0201
Change Physical Footprint: Designator=C18 Old Footprint=CAP_0201 New Footprint=CAP_0201
Change Physical Footprint: Designator=C19 Old Footprint=CAP_0402 New Footprint=CAP_0402
Change Physical Footprint: Designator=C20 Old Footprint=CAP_0402 New Footprint=CAP_0402
Change Physical Footprint: Designator=C21 Old Footprint=CAP_0201 New Footprint=CAP_0201
Change Physical Footprint: Designator=C22 Old Footprint=CAP_0201 New Footprint=CAP_0201
Change Physical Footprint: Designator=C23 Old Footprint=CAP_0201 New Footprint=CAP_0201
Change Physical Footprint: Designator=C24 Old Footprint=CAP_0201 New Footprint=CAP_0201
Change Physical Footprint: Designator=C25 Old Footprint=CAP_0201 New Footprint=CAP_0201
Change Physical Footprint: Designator=C26 Old Footprint=CAP_0201 New Footprint=CAP_0201
Change Physical Footprint: Designator=C27 Old Footprint=CAP_0201 New Footprint=CAP_0201
Change Physical Footprint: Designator=C28 Old Footprint=CAP_0402 New Footprint=CAP_0402
Change Physical Footprint: Designator=C29 Old Footprint=CAP_0402 New Footprint=CAP_0402
Change Physical Footprint: Designator=C30 Old Footprint=CAP_0201 New Footprint=CAP_0201
Change Physical Footprint: Designator=C31 Old Footprint=CAP_0201 New Footprint=CAP_0201
Change Physical Footprint: Designator=C32 Old Footprint=CAP_0201 New Footprint=CAP_0201
Change Physical Footprint: Designator=C33 Old Footprint=CAP_0201 New Footprint=CAP_0201
Change Physical Footprint: Designator=C34 Old Footprint=CAP_0201 New Footprint=CAP_0201
Change Physical Footprint: Designator=C35 Old Footprint=CAP_0201 New Footprint=CAP_0201
Change Physical Footprint: Designator=C36 Old Footprint=CAP_0201 New Footprint=CAP_0201
Change Physical Footprint: Designator=C37 Old Footprint=CAP_0402 New Footprint=CAP_0402
Change Physical Footprint: Designator=C38 Old Footprint=CAP_0402 New Footprint=CAP_0402
Change Physical Footprint: Designator=C39 Old Footprint=CAP_0201 New Footprint=CAP_0201
Change Physical Footprint: Designator=C40 Old Footprint=CAP_0201 New Footprint=CAP_0201
Change Physical Footprint: Designator=C41 Old Footprint=CAP_0201 New Footprint=CAP_0201
Change Physical Footprint: Designator=C42 Old Footprint=CAP_0201 New Footprint=CAP_0201
Change Physical Footprint: Designator=C43 Old Footprint=CAP_0201 New Footprint=CAP_0201
Change Physical Footprint: Designator=C44 Old Footprint=CAP_0201 New Footprint=CAP_0201
Change Physical Footprint: Designator=C45 Old Footprint=CAP_0201 New Footprint=CAP_0201
Change Physical Footprint: Designator=C46 Old Footprint=CAP_0402 New Footprint=CAP_0402
Change Physical Footprint: Designator=C47 Old Footprint=CAP_0402 New Footprint=CAP_0402
Change Physical Footprint: Designator=C48 Old Footprint=CAP_0201 New Footprint=CAP_0201
Change Physical Footprint: Designator=C49 Old Footprint=CAP_0201 New Footprint=CAP_0201
Change Physical Footprint: Designator=C50 Old Footprint=CAP_0201 New Footprint=CAP_0201
Change Physical Footprint: Designator=C51 Old Footprint=CAP_0201 New Footprint=CAP_0201
Change Physical Footprint: Designator=C52 Old Footprint=CAP_0201 New Footprint=CAP_0201
Change Physical Footprint: Designator=C53 Old Footprint=CAP_0201 New Footprint=CAP_0201
Change Physical Footprint: Designator=C54 Old Footprint=CAP_0201 New Footprint=CAP_0201
Change Physical Footprint: Designator=C55 Old Footprint=CAP_0402 New Footprint=CAP_0402
Change Physical Footprint: Designator=C56 Old Footprint=CAP_0402 New Footprint=CAP_0402
Change Physical Footprint: Designator=C57 Old Footprint=CAP_0201 New Footprint=CAP_0201
Change Physical Footprint: Designator=C58 Old Footprint=CAP_0201 New Footprint=CAP_0201
Change Physical Footprint: Designator=C59 Old Footprint=CAP_0201 New Footprint=CAP_0201
Change Physical Footprint: Designator=C60 Old Footprint=CAP_0201 New Footprint=CAP_0201
Change Physical Footprint: Designator=C61 Old Footprint=CAP_0201 New Footprint=CAP_0201
Change Physical Footprint: Designator=C62 Old Footprint=CAP_0201 New Footprint=CAP_0201
Change Physical Footprint: Designator=C63 Old Footprint=CAP_0201 New Footprint=CAP_0201
Change Physical Footprint: Designator=C64 Old Footprint=CAP_0402 New Footprint=CAP_0402
Change Physical Footprint: Designator=C65 Old Footprint=CAP_0402 New Footprint=CAP_0402
Change Physical Footprint: Designator=C66 Old Footprint=CAP_0201 New Footprint=CAP_0201
Change Physical Footprint: Designator=C67 Old Footprint=CAP_0201 New Footprint=CAP_0201
Change Physical Footprint: Designator=C68 Old Footprint=CAP_0201 New Footprint=CAP_0201
Change Physical Footprint: Designator=C69 Old Footprint=CAP_0201 New Footprint=CAP_0201
Change Physical Footprint: Designator=C70 Old Footprint=CAP_0201 New Footprint=CAP_0201
Change Physical Footprint: Designator=C71 Old Footprint=CAP_0201 New Footprint=CAP_0201
Change Physical Footprint: Designator=C72 Old Footprint=CAP_0201 New Footprint=CAP_0201
Change Physical Footprint: Designator=C73 Old Footprint=CAP_0402 New Footprint=CAP_0402
Change Physical Footprint: Designator=C74 Old Footprint=CAP_0402 New Footprint=CAP_0402
Change Physical Footprint: Designator=C75 Old Footprint=CAP_0201 New Footprint=CAP_0201
Change Physical Footprint: Designator=C76 Old Footprint=CAP_0201 New Footprint=CAP_0201
Change Physical Footprint: Designator=C77 Old Footprint=CAP_0201 New Footprint=CAP_0201
Change Physical Footprint: Designator=C78 Old Footprint=CAP_0201 New Footprint=CAP_0201
Change Physical Footprint: Designator=C79 Old Footprint=CAP_0201 New Footprint=CAP_0201
Change Physical Footprint: Designator=C80 Old Footprint=CAP_0201 New Footprint=CAP_0201
Change Physical Footprint: Designator=C81 Old Footprint=CAP_0201 New Footprint=CAP_0201
Change Physical Footprint: Designator=C82 Old Footprint=CAP_0402 New Footprint=CAP_0402
Change Physical Footprint: Designator=C83 Old Footprint=CAP_0402 New Footprint=CAP_0402
Change Physical Footprint: Designator=C84 Old Footprint=CAP_0201 New Footprint=CAP_0201
Change Physical Footprint: Designator=C85 Old Footprint=CAP_0201 New Footprint=CAP_0201
Change Physical Footprint: Designator=C86 Old Footprint=CAP_0201 New Footprint=CAP_0201
Change Physical Footprint: Designator=C87 Old Footprint=CAP_0201 New Footprint=CAP_0201
Change Physical Footprint: Designator=C88 Old Footprint=CAP_0201 New Footprint=CAP_0201
Change Physical Footprint: Designator=C89 Old Footprint=CAP_0201 New Footprint=CAP_0201
Change Physical Footprint: Designator=C90 Old Footprint=CAP_0201 New Footprint=CAP_0201
Change Physical Footprint: Designator=C91 Old Footprint=CAP_0201 New Footprint=CAP_0201
Change Physical Footprint: Designator=C92 Old Footprint=CAP_0603 New Footprint=CAP_0603
Change Physical Footprint: Designator=C93 Old Footprint=CAP_0201 New Footprint=CAP_0201
Change Physical Footprint: Designator=C94 Old Footprint=CAP_0201 New Footprint=CAP_0201
Change Physical Footprint: Designator=C95 Old Footprint=CAP_0201 New Footprint=CAP_0201
Change Physical Footprint: Designator=C96 Old Footprint=CAP_0603 New Footprint=CAP_0603
Change Physical Footprint: Designator=C97 Old Footprint=CAP_0201 New Footprint=CAP_0201
Change Physical Footprint: Designator=C98 Old Footprint=CAP_0201 New Footprint=CAP_0201
Change Physical Footprint: Designator=C99 Old Footprint=CAP_0402 New Footprint=CAP_0402
Change Physical Footprint: Designator=C100 Old Footprint=CAP_0402 New Footprint=CAP_0402
Change Physical Footprint: Designator=C101 Old Footprint=CAP_0402 New Footprint=CAP_0402
Change Physical Footprint: Designator=C102 Old Footprint=CAP_0201 New Footprint=CAP_0201
Change Physical Footprint: Designator=C103 Old Footprint=CAP_0201 New Footprint=CAP_0201
Change Physical Footprint: Designator=C104 Old Footprint=CAP-T_1206 New Footprint=CAP-T_1206
Change Physical Footprint: Designator=C105 Old Footprint=CAP_0402 New Footprint=CAP_0402
Change Physical Footprint: Designator=C106 Old Footprint=CAP_0201 New Footprint=CAP_0201
Change Physical Footprint: Designator=C107 Old Footprint=CAP_0402 New Footprint=CAP_0402
Change Physical Footprint: Designator=C108 Old Footprint=CAP-T_1206 New Footprint=CAP-T_1206
Change Physical Footprint: Designator=C109 Old Footprint=CAP_0201 New Footprint=CAP_0201
Change Physical Footprint: Designator=C110 Old Footprint=CAP_0201 New Footprint=CAP_0201
Change Physical Footprint: Designator=C111 Old Footprint=CAP_0402 New Footprint=CAP_0402
Change Physical Footprint: Designator=C112 Old Footprint=CAP_0402 New Footprint=CAP_0402
Change Physical Footprint: Designator=C113 Old Footprint=CAP_0402 New Footprint=CAP_0402
Change Physical Footprint: Designator=C114 Old Footprint=CAP_0402 New Footprint=CAP_0402
Change Physical Footprint: Designator=C115 Old Footprint=CAP_0402 New Footprint=CAP_0402
Change Physical Footprint: Designator=C116 Old Footprint=CAP_0402 New Footprint=CAP_0402
Change Physical Footprint: Designator=C117 Old Footprint=CAP_0402 New Footprint=CAP_0402
Change Physical Footprint: Designator=C118 Old Footprint=CAP_0201 New Footprint=CAP_0201
Change Physical Footprint: Designator=C119 Old Footprint=CAP_0201 New Footprint=CAP_0201
Change Physical Footprint: Designator=C120 Old Footprint=CAP_0201 New Footprint=CAP_0201
Change Physical Footprint: Designator=C121 Old Footprint=CAP_0201 New Footprint=CAP_0201
Change Physical Footprint: Designator=C122 Old Footprint=CAP_0201 New Footprint=CAP_0201
Change Physical Footprint: Designator=C123 Old Footprint=CAP_0201 New Footprint=CAP_0201
Change Physical Footprint: Designator=C124 Old Footprint=CAP_0402 New Footprint=CAP_0402
Change Physical Footprint: Designator=C125 Old Footprint=CAP_0402 New Footprint=CAP_0402
Change Physical Footprint: Designator=C126 Old Footprint=CAP_0201 New Footprint=CAP_0201
Change Physical Footprint: Designator=C127 Old Footprint=CAP_0201 New Footprint=CAP_0201
Change Physical Footprint: Designator=C128 Old Footprint=CAP_0201 New Footprint=CAP_0201
Change Physical Footprint: Designator=C129 Old Footprint=CAP_0201 New Footprint=CAP_0201
Change Physical Footprint: Designator=C130 Old Footprint=CAP_0201 New Footprint=CAP_0201
Change Physical Footprint: Designator=C131 Old Footprint=CAP_0201 New Footprint=CAP_0201
Change Physical Footprint: Designator=C132 Old Footprint=CAP_0402 New Footprint=CAP_0402
Change Physical Footprint: Designator=C133 Old Footprint=CAP_0402 New Footprint=CAP_0402
Change Physical Footprint: Designator=C134 Old Footprint=CAP_0402 New Footprint=CAP_0402
Change Physical Footprint: Designator=C135 Old Footprint=CAP_0201 New Footprint=CAP_0201
Change Physical Footprint: Designator=C136 Old Footprint=CAP_0201 New Footprint=CAP_0201
Change Physical Footprint: Designator=C137 Old Footprint=CAP_0201 New Footprint=CAP_0201
Change Physical Footprint: Designator=C138 Old Footprint=CAP_0201 New Footprint=CAP_0201
Change Physical Footprint: Designator=C139 Old Footprint=CAP_0201 New Footprint=CAP_0201
Change Physical Footprint: Designator=C140 Old Footprint=CAP_0402 New Footprint=CAP_0402
Change Physical Footprint: Designator=C142 Old Footprint=CAP_0402 New Footprint=CAP_0402
Change Physical Footprint: Designator=C143 Old Footprint=CAP_0402 New Footprint=CAP_0402
Change Physical Footprint: Designator=C144 Old Footprint=CAP_0402 New Footprint=CAP_0402
Change Physical Footprint: Designator=C145 Old Footprint=CAP_0402 New Footprint=CAP_0402
Change Physical Footprint: Designator=C146 Old Footprint=CAP_0402 New Footprint=CAP_0402
Change Physical Footprint: Designator=C147 Old Footprint=CAP_0402 New Footprint=CAP_0402
Change Physical Footprint: Designator=C148 Old Footprint=CAP_0402 New Footprint=CAP_0402
Change Physical Footprint: Designator=C149 Old Footprint=CAP_0402 New Footprint=CAP_0402
Change Physical Footprint: Designator=C150 Old Footprint=CAP_0201 New Footprint=CAP_0201
Change Physical Footprint: Designator=C151 Old Footprint=CAP_0201 New Footprint=CAP_0201
Change Physical Footprint: Designator=C152 Old Footprint=CAP_0201 New Footprint=CAP_0201
Change Physical Footprint: Designator=C153 Old Footprint=CAP_0201 New Footprint=CAP_0201
Change Physical Footprint: Designator=C154 Old Footprint=CAP_0201 New Footprint=CAP_0201
Change Physical Footprint: Designator=C155 Old Footprint=CAP_0201 New Footprint=CAP_0201
Change Physical Footprint: Designator=C156 Old Footprint=CAP_0201 New Footprint=CAP_0201
Change Physical Footprint: Designator=C157 Old Footprint=CAP_0201 New Footprint=CAP_0201
Change Physical Footprint: Designator=C158 Old Footprint=CAP_0402 New Footprint=CAP_0402
Change Physical Footprint: Designator=C159 Old Footprint=CAP_0402 New Footprint=CAP_0402
Change Physical Footprint: Designator=C160 Old Footprint=CAP_0201 New Footprint=CAP_0201
Change Physical Footprint: Designator=C161 Old Footprint=CAP_0201 New Footprint=CAP_0201
Change Physical Footprint: Designator=C162 Old Footprint=CAP_0201 New Footprint=CAP_0201
Change Physical Footprint: Designator=C163 Old Footprint=CAP_0201 New Footprint=CAP_0201
Change Physical Footprint: Designator=C164 Old Footprint=CAP_0201 New Footprint=CAP_0201
Change Physical Footprint: Designator=C165 Old Footprint=CAP_0201 New Footprint=CAP_0201
Change Physical Footprint: Designator=C166 Old Footprint=CAP_0402 New Footprint=CAP_0402
Change Physical Footprint: Designator=C167 Old Footprint=CAP_0402 New Footprint=CAP_0402
Change Physical Footprint: Designator=C168 Old Footprint=CAP_0201 New Footprint=CAP_0201
Change Physical Footprint: Designator=C169 Old Footprint=CAP_0201 New Footprint=CAP_0201
Change Physical Footprint: Designator=C170 Old Footprint=CAP_0201 New Footprint=CAP_0201
Change Physical Footprint: Designator=C171 Old Footprint=CAP_0201 New Footprint=CAP_0201
Change Physical Footprint: Designator=C172 Old Footprint=CAP_0201 New Footprint=CAP_0201
Change Physical Footprint: Designator=C173 Old Footprint=CAP_0201 New Footprint=CAP_0201
Change Physical Footprint: Designator=C174 Old Footprint=CAP_0201 New Footprint=CAP_0201
Change Physical Footprint: Designator=C175 Old Footprint=CAP_0402 New Footprint=CAP_0402
Change Physical Footprint: Designator=C176 Old Footprint=CAP_0402 New Footprint=CAP_0402
Change Physical Footprint: Designator=C177 Old Footprint=CAP_0201 New Footprint=CAP_0201
Change Physical Footprint: Designator=C178 Old Footprint=CAP_0201 New Footprint=CAP_0201
Change Physical Footprint: Designator=C179 Old Footprint=CAP_0201 New Footprint=CAP_0201
Change Physical Footprint: Designator=C180 Old Footprint=CAP_0201 New Footprint=CAP_0201
Change Physical Footprint: Designator=C181 Old Footprint=CAP_0201 New Footprint=CAP_0201
Change Physical Footprint: Designator=C182 Old Footprint=CAP_0201 New Footprint=CAP_0201
Change Physical Footprint: Designator=C183 Old Footprint=CAP_0201 New Footprint=CAP_0201
Change Physical Footprint: Designator=C184 Old Footprint=CAP_0201 New Footprint=CAP_0201
Change Physical Footprint: Designator=C185 Old Footprint=CAP_0201 New Footprint=CAP_0201
Change Physical Footprint: Designator=C186 Old Footprint=CAP_0201 New Footprint=CAP_0201
Change Physical Footprint: Designator=C187 Old Footprint=CAP_0201 New Footprint=CAP_0201
Change Physical Footprint: Designator=C188 Old Footprint=CAP_0201 New Footprint=CAP_0201
Change Physical Footprint: Designator=C189 Old Footprint=CAP_0201 New Footprint=CAP_0201
Change Physical Footprint: Designator=C190 Old Footprint=CAP_0201 New Footprint=CAP_0201
Change Physical Footprint: Designator=C191 Old Footprint=CAP_0201 New Footprint=CAP_0201
Change Physical Footprint: Designator=C192 Old Footprint=CAP_0201 New Footprint=CAP_0201
Change Physical Footprint: Designator=C193 Old Footprint=CAP_0201 New Footprint=CAP_0201
Change Physical Footprint: Designator=C194 Old Footprint=CAP_0201 New Footprint=CAP_0201
Change Physical Footprint: Designator=C195 Old Footprint=CAP_0201 New Footprint=CAP_0201
Change Physical Footprint: Designator=C196 Old Footprint=CAP_0201 New Footprint=CAP_0201
Change Physical Footprint: Designator=C197 Old Footprint=CAP_0201 New Footprint=CAP_0201
Change Physical Footprint: Designator=C198 Old Footprint=CAP_0201 New Footprint=CAP_0201
Change Physical Footprint: Designator=C199 Old Footprint=CAP_0201 New Footprint=CAP_0201
Change Physical Footprint: Designator=C200 Old Footprint=CAP_0201 New Footprint=CAP_0201
Change Physical Footprint: Designator=C201 Old Footprint=CAP_0201 New Footprint=CAP_0201
Change Physical Footprint: Designator=C202 Old Footprint=CAP_0201 New Footprint=CAP_0201
Change Physical Footprint: Designator=C203 Old Footprint=CAP_0201 New Footprint=CAP_0201
Change Physical Footprint: Designator=C204 Old Footprint=CAP_0201 New Footprint=CAP_0201
Change Physical Footprint: Designator=C205 Old Footprint=CAP_0201 New Footprint=CAP_0201
Change Physical Footprint: Designator=C206 Old Footprint=CAP_0201 New Footprint=CAP_0201
Change Physical Footprint: Designator=C207 Old Footprint=CAP_0201 New Footprint=CAP_0201
Change Physical Footprint: Designator=C208 Old Footprint=CAP_0201 New Footprint=CAP_0201
Change Physical Footprint: Designator=C209 Old Footprint=CAP_0201 New Footprint=CAP_0201
Change Physical Footprint: Designator=C210 Old Footprint=CAP_0201 New Footprint=CAP_0201
Change Physical Footprint: Designator=C211 Old Footprint=CAP_0201 New Footprint=CAP_0201
Change Physical Footprint: Designator=C212 Old Footprint=CAP_0201 New Footprint=CAP_0201
Change Physical Footprint: Designator=C213 Old Footprint=CAP_0201 New Footprint=CAP_0201
Change Physical Footprint: Designator=C214 Old Footprint=CAP_0201 New Footprint=CAP_0201
Change Physical Footprint: Designator=C215 Old Footprint=CAP_0201 New Footprint=CAP_0201
Change Physical Footprint: Designator=C216 Old Footprint=CAP_0201 New Footprint=CAP_0201
Change Physical Footprint: Designator=C217 Old Footprint=CAP_0201 New Footprint=CAP_0201
Change Physical Footprint: Designator=C218 Old Footprint=CAP_0201 New Footprint=CAP_0201
Change Physical Footprint: Designator=C219 Old Footprint=CAP_0201 New Footprint=CAP_0201
Change Physical Footprint: Designator=C220 Old Footprint=CAP_0201 New Footprint=CAP_0201
Change Physical Footprint: Designator=C221 Old Footprint=CAP_0201 New Footprint=CAP_0201
Change Physical Footprint: Designator=C222 Old Footprint=CAP_0201 New Footprint=CAP_0201
Change Physical Footprint: Designator=C223 Old Footprint=CAP_0201 New Footprint=CAP_0201
Change Physical Footprint: Designator=C224 Old Footprint=CAP_0201 New Footprint=CAP_0201
Change Physical Footprint: Designator=C225 Old Footprint=CAP_0201 New Footprint=CAP_0201
Change Physical Footprint: Designator=C226 Old Footprint=CAP_0201 New Footprint=CAP_0201
Change Physical Footprint: Designator=C227 Old Footprint=CAP_0201 New Footprint=CAP_0201
Change Physical Footprint: Designator=C228 Old Footprint=CAP_0201 New Footprint=CAP_0201
Change Physical Footprint: Designator=C229 Old Footprint=CAP_0201 New Footprint=CAP_0201
Change Physical Footprint: Designator=C230 Old Footprint=CAP_0201 New Footprint=CAP_0201
Change Physical Footprint: Designator=C231 Old Footprint=CAP_0201 New Footprint=CAP_0201
Change Physical Footprint: Designator=C232 Old Footprint=CAP_0201 New Footprint=CAP_0201
Change Physical Footprint: Designator=C233 Old Footprint=CAP_0201 New Footprint=CAP_0201
Change Physical Footprint: Designator=C234 Old Footprint=CAP_0201 New Footprint=CAP_0201
Change Physical Footprint: Designator=C235 Old Footprint=CAP_0201 New Footprint=CAP_0201
Change Physical Footprint: Designator=C236 Old Footprint=CAP_0201 New Footprint=CAP_0201
Change Physical Footprint: Designator=C237 Old Footprint=CAP_0603 New Footprint=CAP_0603
Change Physical Footprint: Designator=C238 Old Footprint=CAP_0402 New Footprint=CAP_0402
Change Physical Footprint: Designator=C239 Old Footprint=CAP_0402 New Footprint=CAP_0402
Change Physical Footprint: Designator=C240 Old Footprint=CAP_0402 New Footprint=CAP_0402
Change Physical Footprint: Designator=C241 Old Footprint=CAP_0402 New Footprint=CAP_0402
Change Physical Footprint: Designator=C244 Old Footprint=CAP_0402 New Footprint=CAP_0402
Change Physical Footprint: Designator=C247 Old Footprint=CAP_0402 New Footprint=CAP_0402
Change Physical Footprint: Designator=C248 Old Footprint=CAP_0402 New Footprint=CAP_0402
Change Physical Footprint: Designator=C249 Old Footprint=CAP_0402 New Footprint=CAP_0402
Change Physical Footprint: Designator=C250 Old Footprint=CAP_0402 New Footprint=CAP_0402
Change Physical Footprint: Designator=C251 Old Footprint=CAP_0201 New Footprint=CAP_0201
Change Physical Footprint: Designator=C252 Old Footprint=CAP_0201 New Footprint=CAP_0201
Change Physical Footprint: Designator=C253 Old Footprint=CAP_0201 New Footprint=CAP_0201
Change Physical Footprint: Designator=C254 Old Footprint=CAP_0201 New Footprint=CAP_0201
Change Physical Footprint: Designator=C255 Old Footprint=CAP_0201 New Footprint=CAP_0201
Change Physical Footprint: Designator=C256 Old Footprint=CAP_0201 New Footprint=CAP_0201
Change Physical Footprint: Designator=C257 Old Footprint=CAP_0201 New Footprint=CAP_0201
Change Physical Footprint: Designator=C258 Old Footprint=CAP_0201 New Footprint=CAP_0201
Change Physical Footprint: Designator=C259 Old Footprint=CAP_0201 New Footprint=CAP_0201
Change Physical Footprint: Designator=C260 Old Footprint=CAP_0201 New Footprint=CAP_0201
Change Physical Footprint: Designator=C261 Old Footprint=CAP_0201 New Footprint=CAP_0201
Change Physical Footprint: Designator=C262 Old Footprint=CAP_0201 New Footprint=CAP_0201
Change Physical Footprint: Designator=C263 Old Footprint=CAP_0201 New Footprint=CAP_0201
Change Physical Footprint: Designator=C264 Old Footprint=CAP_0201 New Footprint=CAP_0201
Change Physical Footprint: Designator=C265 Old Footprint=CAP_0201 New Footprint=CAP_0201
Change Physical Footprint: Designator=C266 Old Footprint=CAP_0402 New Footprint=CAP_0402
Change Physical Footprint: Designator=C267 Old Footprint=CAP_0201 New Footprint=CAP_0201
Change Physical Footprint: Designator=C268 Old Footprint=CAP_0201 New Footprint=CAP_0201
Change Physical Footprint: Designator=C269 Old Footprint=CAP_0201 New Footprint=CAP_0201
Change Physical Footprint: Designator=C270 Old Footprint=CAP_0201 New Footprint=CAP_0201
Change Physical Footprint: Designator=C271 Old Footprint=CAP_0603 New Footprint=CAP_0603
Change Physical Footprint: Designator=C272 Old Footprint=CAP_0603 New Footprint=CAP_0603
Change Physical Footprint: Designator=C273 Old Footprint=CAP_0402 New Footprint=CAP_0402
Change Physical Footprint: Designator=C274 Old Footprint=CAP_0402 New Footprint=CAP_0402
Change Physical Footprint: Designator=C275 Old Footprint=CAP_0402 New Footprint=CAP_0402
Change Physical Footprint: Designator=C276 Old Footprint=CAP_0402 New Footprint=CAP_0402
Change Physical Footprint: Designator=C277 Old Footprint=CAP_0402 New Footprint=CAP_0402
Change Physical Footprint: Designator=C278 Old Footprint=CAP_0402 New Footprint=CAP_0402
Change Physical Footprint: Designator=C279 Old Footprint=CAP_0402 New Footprint=CAP_0402
Change Physical Footprint: Designator=C280 Old Footprint=CAP_0402 New Footprint=CAP_0402
Change Physical Footprint: Designator=C281 Old Footprint=CAP_0402 New Footprint=CAP_0402
Change Physical Footprint: Designator=C282 Old Footprint=CAP_0603 New Footprint=CAP_0603
Change Physical Footprint: Designator=C283 Old Footprint=CAP_0603 New Footprint=CAP_0603
Change Physical Footprint: Designator=C284 Old Footprint=CAP_0402 New Footprint=CAP_0402
Change Physical Footprint: Designator=C285 Old Footprint=CAP_0402 New Footprint=CAP_0402
Change Physical Footprint: Designator=C286 Old Footprint=CAP_0402 New Footprint=CAP_0402
Change Physical Footprint: Designator=C287 Old Footprint=CAP_0402 New Footprint=CAP_0402
Change Physical Footprint: Designator=C288 Old Footprint=CAP_0402 New Footprint=CAP_0402
Change Physical Footprint: Designator=C289 Old Footprint=CAP_0402 New Footprint=CAP_0402
Change Physical Footprint: Designator=C290 Old Footprint=CAP_0402 New Footprint=CAP_0402
Change Physical Footprint: Designator=C291 Old Footprint=CAP_0603 New Footprint=CAP_0603
Change Physical Footprint: Designator=C292 Old Footprint=CAP_0402 New Footprint=CAP_0402
Change Physical Footprint: Designator=C293 Old Footprint=CAP_0402 New Footprint=CAP_0402
Change Physical Footprint: Designator=C294 Old Footprint=CAP_0603 New Footprint=CAP_0603
Change Physical Footprint: Designator=C295 Old Footprint=CAP_0603 New Footprint=CAP_0603
Change Physical Footprint: Designator=C296 Old Footprint=CAP_0603 New Footprint=CAP_0603
Change Physical Footprint: Designator=C297 Old Footprint=CAP_0603 New Footprint=CAP_0603
Change Physical Footprint: Designator=C298 Old Footprint=CAP_0402 New Footprint=CAP_0402
Change Physical Footprint: Designator=C299 Old Footprint=CAP_0402 New Footprint=CAP_0402
Change Physical Footprint: Designator=C300 Old Footprint=CAP_0603 New Footprint=CAP_0603
Change Physical Footprint: Designator=C301 Old Footprint=CAP_0603 New Footprint=CAP_0603
Change Physical Footprint: Designator=C302 Old Footprint=CAP_0603 New Footprint=CAP_0603
Change Physical Footprint: Designator=C303 Old Footprint=CAP_0603 New Footprint=CAP_0603
Change Physical Footprint: Designator=C304 Old Footprint=CAP_0402 New Footprint=CAP_0402
Change Physical Footprint: Designator=C305 Old Footprint=CAP_0402 New Footprint=CAP_0402
Change Physical Footprint: Designator=C306 Old Footprint=CAP_0402 New Footprint=CAP_0402
Change Physical Footprint: Designator=C307 Old Footprint=CAP_0402 New Footprint=CAP_0402
Change Physical Footprint: Designator=C308 Old Footprint=CAP_0402 New Footprint=CAP_0402
Change Physical Footprint: Designator=C309 Old Footprint=CAP_0402 New Footprint=CAP_0402
Change Physical Footprint: Designator=C310 Old Footprint=CAP_0603 New Footprint=CAP_0603
Change Physical Footprint: Designator=C311 Old Footprint=CAP_0402 New Footprint=CAP_0402
Change Physical Footprint: Designator=C312 Old Footprint=CAP_0402 New Footprint=CAP_0402
Change Physical Footprint: Designator=C313 Old Footprint=CAP_0402 New Footprint=CAP_0402
Change Physical Footprint: Designator=C314 Old Footprint=CAP_0402 New Footprint=CAP_0402
Change Physical Footprint: Designator=C315 Old Footprint=CAP_0402 New Footprint=CAP_0402
Change Physical Footprint: Designator=C316 Old Footprint=CAP_0603 New Footprint=CAP_0603
Change Physical Footprint: Designator=C317 Old Footprint=CAP_0603 New Footprint=CAP_0603
Change Physical Footprint: Designator=C318 Old Footprint=CAP_0603 New Footprint=CAP_0603
Change Physical Footprint: Designator=C319 Old Footprint=CAP_0402 New Footprint=CAP_0402
Change Physical Footprint: Designator=C320 Old Footprint=CAP_0402 New Footprint=CAP_0402
Change Physical Footprint: Designator=C321 Old Footprint=CAP_0402 New Footprint=CAP_0402
Change Physical Footprint: Designator=C322 Old Footprint=CAP_0603 New Footprint=CAP_0603
Change Physical Footprint: Designator=C323 Old Footprint=CAP_0603 New Footprint=CAP_0603
Change Physical Footprint: Designator=C324 Old Footprint=CAP_0603 New Footprint=CAP_0603
Change Physical Footprint: Designator=C325 Old Footprint=CAP_0402 New Footprint=CAP_0402
Change Physical Footprint: Designator=C326 Old Footprint=CAP_0402 New Footprint=CAP_0402
Change Physical Footprint: Designator=C327 Old Footprint=CAP_0402 New Footprint=CAP_0402
Change Physical Footprint: Designator=C328 Old Footprint=CAP_0603 New Footprint=CAP_0603
Change Physical Footprint: Designator=C329 Old Footprint=CAP_0402 New Footprint=CAP_0402
Change Physical Footprint: Designator=C330 Old Footprint=CAP_0603 New Footprint=CAP_0603
Change Physical Footprint: Designator=C331 Old Footprint=CAP_0603 New Footprint=CAP_0603
Change Physical Footprint: Designator=C332 Old Footprint=CAP_0603 New Footprint=CAP_0603
Change Physical Footprint: Designator=C333 Old Footprint=CAP_0402 New Footprint=CAP_0402
Change Physical Footprint: Designator=C334 Old Footprint=CAP_0402 New Footprint=CAP_0402
Change Physical Footprint: Designator=C335 Old Footprint=CAP_0402 New Footprint=CAP_0402
Change Physical Footprint: Designator=C336 Old Footprint=CAP_0402 New Footprint=CAP_0402
Change Physical Footprint: Designator=C337 Old Footprint=CAP_0402 New Footprint=CAP_0402
Change Physical Footprint: Designator=C338 Old Footprint=CAP_0402 New Footprint=CAP_0402
Change Physical Footprint: Designator=C339 Old Footprint=CAP_0402 New Footprint=CAP_0402
Change Physical Footprint: Designator=C340 Old Footprint=CAP_0402 New Footprint=CAP_0402
Change Physical Footprint: Designator=C341 Old Footprint=CAP_0402 New Footprint=CAP_0402
Change Physical Footprint: Designator=C342 Old Footprint=CAP_0402 New Footprint=CAP_0402
Change Physical Footprint: Designator=C343 Old Footprint=CAP_0402 New Footprint=CAP_0402
Change Physical Footprint: Designator=C344 Old Footprint=CAP_0402 New Footprint=CAP_0402
Change Physical Footprint: Designator=C345 Old Footprint=CAP_0402 New Footprint=CAP_0402
Change Physical Footprint: Designator=C346 Old Footprint=CAP_0402 New Footprint=CAP_0402
Change Physical Footprint: Designator=C347 Old Footprint=CAP_0402 New Footprint=CAP_0402
Change Physical Footprint: Designator=C348 Old Footprint=CAP_0402 New Footprint=CAP_0402
Change Physical Footprint: Designator=C349 Old Footprint=CAP_0402 New Footprint=CAP_0402
Change Physical Footprint: Designator=C350 Old Footprint=CAP_0402 New Footprint=CAP_0402
Change Physical Footprint: Designator=C351 Old Footprint=CAP_0402 New Footprint=CAP_0402
Change Physical Footprint: Designator=C352 Old Footprint=CAP_0402 New Footprint=CAP_0402
Change Physical Footprint: Designator=D1 Old Footprint=DIO_SOD523 New Footprint=DIO_SOD523
Change Physical Footprint: Designator=D2 Old Footprint=DIO_SOD523 New Footprint=DIO_SOD523
Change Physical Footprint: Designator=D3 Old Footprint=DIO_SOD523 New Footprint=DIO_SOD523
Change Physical Footprint: Designator=D4 Old Footprint=DIO_SOD523 New Footprint=DIO_SOD523
Change Physical Footprint: Designator=D5 Old Footprint=DIO_SOD523 New Footprint=DIO_SOD523
Change Physical Footprint: Designator=D6 Old Footprint=DIO_0402_SMD New Footprint=DIO_0402_SMD
Change Physical Footprint: Designator=D7 Old Footprint=DIO_SOT-323-3 New Footprint=DIO_SOT-323-3
Change Physical Footprint: Designator=DS1 Old Footprint=LED_0805 New Footprint=LED_0805
Change Physical Footprint: Designator=FB1 Old Footprint=RES_0402 New Footprint=RES_0402
Change Physical Footprint: Designator=FB2 Old Footprint=RES_0402 New Footprint=RES_0402
Change Physical Footprint: Designator=FB3 Old Footprint=RES_0402 New Footprint=RES_0402
Change Physical Footprint: Designator=FB4 Old Footprint=RES_0402 New Footprint=RES_0402
Change Physical Footprint: Designator=FB5 Old Footprint=RES_0402 New Footprint=RES_0402
Change Physical Footprint: Designator=FB6 Old Footprint=RES_0402 New Footprint=RES_0402
Change Physical Footprint: Designator=FB7 Old Footprint=RES_0402 New Footprint=RES_0402
Change Physical Footprint: Designator=FB8 Old Footprint=RES_0402 New Footprint=RES_0402
Change Physical Footprint: Designator=FB9 Old Footprint=RES_0402 New Footprint=RES_0402
Change Physical Footprint: Designator=FB10 Old Footprint=RES_0402 New Footprint=RES_0402
Change Physical Footprint: Designator=FD1 Old Footprint=FIDUCIAL_50MIL New Footprint=FIDUCIAL_50MIL
Change Physical Footprint: Designator=FD2 Old Footprint=FIDUCIAL_50MIL New Footprint=FIDUCIAL_50MIL
Change Physical Footprint: Designator=FD3 Old Footprint=FIDUCIAL_50MIL New Footprint=FIDUCIAL_50MIL
Change Physical Footprint: Designator=FD4 Old Footprint=FIDUCIAL_50MIL New Footprint=FIDUCIAL_50MIL
Change Physical Footprint: Designator=FD5 Old Footprint=FIDUCIAL_50MIL New Footprint=FIDUCIAL_50MIL
Change Physical Footprint: Designator=FD6 Old Footprint=FIDUCIAL_50MIL New Footprint=FIDUCIAL_50MIL
Change Physical Footprint: Designator=FD7 Old Footprint=FIDUCIAL_50MIL New Footprint=FIDUCIAL_50MIL
Change Physical Footprint: Designator=FD8 Old Footprint=FIDUCIAL_50MIL New Footprint=FIDUCIAL_50MIL
Change Physical Footprint: Designator=J1 Old Footprint=CON3_UFL_116_SMD_ST New Footprint=CON3_UFL_116_SMD_ST
Change Physical Footprint: Designator=J2 Old Footprint=CON3_UFL_116_SMD_ST New Footprint=CON3_UFL_116_SMD_ST
Change Physical Footprint: Designator=J3 Old Footprint=CON24_19.64_U262-241N-4BV64_TH_RA New Footprint=CON24_19.64_U262-241N-4BV64_TH_RA
Change Physical Footprint: Designator=J4 Old Footprint=DIMM260_DDR4 New Footprint=DIMM260_DDR4
Change Physical Footprint: Designator=J5 Old Footprint=CON6_48.4_UJC-HP-3-SMT-TR New Footprint=CON6_48.4_UJC-HP-3-SMT-TR
Change Physical Footprint: Designator=L1 Old Footprint=IND_62.9_110X86.6_SMD New Footprint=IND_62.9_110X86.6_SMD
Change Physical Footprint: Designator=L2 Old Footprint=IND_1008 New Footprint=IND_1008
Change Physical Footprint: Designator=L3 Old Footprint=IND_1616 New Footprint=IND_1616
Change Physical Footprint: Designator=L4 Old Footprint=IND_1008 New Footprint=IND_1008
Change Physical Footprint: Designator=L5 Old Footprint=IND_1008 New Footprint=IND_1008
Change Physical Footprint: Designator=L6 Old Footprint=IND_0805 New Footprint=IND_0805
Change Physical Footprint: Designator=L7 Old Footprint=IND_1008 New Footprint=IND_1008
Change Physical Footprint: Designator=L8 Old Footprint=IND_1008 New Footprint=IND_1008
Change Physical Footprint: Designator=L9 Old Footprint=IND_1008 New Footprint=IND_1008
Change Physical Footprint: Designator=L10 Old Footprint=IND_1008 New Footprint=IND_1008
Change Physical Footprint: Designator=L11 Old Footprint=IND_1008 New Footprint=IND_1008
Change Physical Footprint: Designator=MH1 Old Footprint=SOM_Mounting New Footprint=SOM_Mounting
Change Physical Footprint: Designator=MH2 Old Footprint=SOM_Mounting New Footprint=SOM_Mounting
Change Physical Footprint: Designator=MH3 Old Footprint=SOM_Mounting New Footprint=SOM_Mounting
Change Physical Footprint: Designator=MH4 Old Footprint=SOM_Mounting New Footprint=SOM_Mounting
Change Physical Footprint: Designator=MH5 Old Footprint=SOM_Mounting New Footprint=SOM_Mounting
Change Physical Footprint: Designator=MH6 Old Footprint=SOM_Mounting New Footprint=SOM_Mounting
Change Physical Footprint: Designator=Q1 Old Footprint=SOT-323-3 New Footprint=SOT-323-3
Change Physical Footprint: Designator=Q2 Old Footprint=PowerPAK_1212-8_SMD New Footprint=PowerPAK_1212-8_SMD
Change Physical Footprint: Designator=Q3 Old Footprint=SOT-323-3 New Footprint=SOT-323-3
Change Physical Footprint: Designator=Q4 Old Footprint=SOT-323-3 New Footprint=SOT-323-3
Change Physical Footprint: Designator=Q5 Old Footprint=SOT 23-3 New Footprint=SOT 23-3
Change Physical Footprint: Designator=Q6 Old Footprint=SOT-323-3 New Footprint=SOT-323-3
Change Physical Footprint: Designator=R1 Old Footprint=RES_0201 New Footprint=RES_0201
Change Physical Footprint: Designator=R2 Old Footprint=RES_0201 New Footprint=RES_0201
Change Physical Footprint: Designator=R3 Old Footprint=RES_0201 New Footprint=RES_0201
Change Physical Footprint: Designator=R4 Old Footprint=RES_0201 New Footprint=RES_0201
Change Physical Footprint: Designator=R5 Old Footprint=RES_0201 New Footprint=RES_0201
Change Physical Footprint: Designator=R6 Old Footprint=RES_0201 New Footprint=RES_0201
Change Physical Footprint: Designator=R7 Old Footprint=RES_0201 New Footprint=RES_0201
Change Physical Footprint: Designator=R8 Old Footprint=RES_0201 New Footprint=RES_0201
Change Physical Footprint: Designator=R9 Old Footprint=RES_0201 New Footprint=RES_0201
Change Physical Footprint: Designator=R10 Old Footprint=RES_0402 New Footprint=RES_0402
Change Physical Footprint: Designator=R11 Old Footprint=RES_0201 New Footprint=RES_0201
Change Physical Footprint: Designator=R12 Old Footprint=RES_0402 New Footprint=RES_0402
Change Physical Footprint: Designator=R13 Old Footprint=RES_0201 New Footprint=RES_0201
Change Physical Footprint: Designator=R14 Old Footprint=RES_0402 New Footprint=RES_0402
Change Physical Footprint: Designator=R15 Old Footprint=RES_0201 New Footprint=RES_0201
Change Physical Footprint: Designator=R16 Old Footprint=RES_0402 New Footprint=RES_0402
Change Physical Footprint: Designator=R17 Old Footprint=RES_0201 New Footprint=RES_0201
Change Physical Footprint: Designator=R18 Old Footprint=RES_0201 New Footprint=RES_0201
Change Physical Footprint: Designator=R19 Old Footprint=RES_0201 New Footprint=RES_0201
Change Physical Footprint: Designator=R20 Old Footprint=RES_0201 New Footprint=RES_0201
Change Physical Footprint: Designator=R21 Old Footprint=RES_0201 New Footprint=RES_0201
Change Physical Footprint: Designator=R22 Old Footprint=RES_0201 New Footprint=RES_0201
Change Physical Footprint: Designator=R23 Old Footprint=RES_0201 New Footprint=RES_0201
Change Physical Footprint: Designator=R24 Old Footprint=RES_0201 New Footprint=RES_0201
Change Physical Footprint: Designator=R25 Old Footprint=RES_0201 New Footprint=RES_0201
Change Physical Footprint: Designator=R26 Old Footprint=RES_0201 New Footprint=RES_0201
Change Physical Footprint: Designator=R27 Old Footprint=RES_0201 New Footprint=RES_0201
Change Physical Footprint: Designator=R28 Old Footprint=RES_0201 New Footprint=RES_0201
Change Physical Footprint: Designator=R29 Old Footprint=RES_0201 New Footprint=RES_0201
Change Physical Footprint: Designator=R30 Old Footprint=RES_0201 New Footprint=RES_0201
Change Physical Footprint: Designator=R31 Old Footprint=RES_0201 New Footprint=RES_0201
Change Physical Footprint: Designator=R32 Old Footprint=RES_0201 New Footprint=RES_0201
Change Physical Footprint: Designator=R33 Old Footprint=RES_0201 New Footprint=RES_0201
Change Physical Footprint: Designator=R34 Old Footprint=RES_0201 New Footprint=RES_0201
Change Physical Footprint: Designator=R35 Old Footprint=RES_0201 New Footprint=RES_0201
Change Physical Footprint: Designator=R36 Old Footprint=RES_0201 New Footprint=RES_0201
Change Physical Footprint: Designator=R37 Old Footprint=RES_0201 New Footprint=RES_0201
Change Physical Footprint: Designator=R38 Old Footprint=RES_0201 New Footprint=RES_0201
Change Physical Footprint: Designator=R39 Old Footprint=RES_0201 New Footprint=RES_0201
Change Physical Footprint: Designator=R40 Old Footprint=RES_0201 New Footprint=RES_0201
Change Physical Footprint: Designator=R41 Old Footprint=RES_0201 New Footprint=RES_0201
Change Physical Footprint: Designator=R42 Old Footprint=RES_0201 New Footprint=RES_0201
Change Physical Footprint: Designator=R43 Old Footprint=RES_0201 New Footprint=RES_0201
Change Physical Footprint: Designator=R44 Old Footprint=RES_0201 New Footprint=RES_0201
Change Physical Footprint: Designator=R45 Old Footprint=RES_0201 New Footprint=RES_0201
Change Physical Footprint: Designator=R46 Old Footprint=RES_0201 New Footprint=RES_0201
Change Physical Footprint: Designator=R47 Old Footprint=RES_0201 New Footprint=RES_0201
Change Physical Footprint: Designator=R48 Old Footprint=RES_0201 New Footprint=RES_0201
Change Physical Footprint: Designator=R49 Old Footprint=RES_0201 New Footprint=RES_0201
Change Physical Footprint: Designator=R50 Old Footprint=RES_0201 New Footprint=RES_0201
Change Physical Footprint: Designator=R51 Old Footprint=RES_0201 New Footprint=RES_0201
Change Physical Footprint: Designator=R52 Old Footprint=RES_0201 New Footprint=RES_0201
Change Physical Footprint: Designator=R53 Old Footprint=RES_0201 New Footprint=RES_0201
Change Physical Footprint: Designator=R54 Old Footprint=RES_0201 New Footprint=RES_0201
Change Physical Footprint: Designator=R55 Old Footprint=RES_0201 New Footprint=RES_0201
Change Physical Footprint: Designator=R56 Old Footprint=RES_0201 New Footprint=RES_0201
Change Physical Footprint: Designator=R57 Old Footprint=RES_0201 New Footprint=RES_0201
Change Physical Footprint: Designator=R58 Old Footprint=RES_0201 New Footprint=RES_0201
Change Physical Footprint: Designator=R59 Old Footprint=RES_0201 New Footprint=RES_0201
Change Physical Footprint: Designator=R60 Old Footprint=RES_0201 New Footprint=RES_0201
Change Physical Footprint: Designator=R61 Old Footprint=RES_0201 New Footprint=RES_0201
Change Physical Footprint: Designator=R62 Old Footprint=RES_0201 New Footprint=RES_0201
Change Physical Footprint: Designator=R63 Old Footprint=RES_0402 New Footprint=RES_0402
Change Physical Footprint: Designator=R64 Old Footprint=RES_0402 New Footprint=RES_0402
Change Physical Footprint: Designator=R65 Old Footprint=RES_0402 New Footprint=RES_0402
Change Physical Footprint: Designator=R66 Old Footprint=RES_0402 New Footprint=RES_0402
Change Physical Footprint: Designator=R67 Old Footprint=RES_0402 New Footprint=RES_0402
Change Physical Footprint: Designator=R68 Old Footprint=RES_0402 New Footprint=RES_0402
Change Physical Footprint: Designator=R69 Old Footprint=RES_0201 New Footprint=RES_0201
Change Physical Footprint: Designator=R70 Old Footprint=RES_0201 New Footprint=RES_0201
Change Physical Footprint: Designator=R71 Old Footprint=RES_0201 New Footprint=RES_0201
Change Physical Footprint: Designator=R72 Old Footprint=RES_0201 New Footprint=RES_0201
Change Physical Footprint: Designator=R73 Old Footprint=RES_0201 New Footprint=RES_0201
Change Physical Footprint: Designator=R74 Old Footprint=RES_0201 New Footprint=RES_0201
Change Physical Footprint: Designator=R75 Old Footprint=RES_0201 New Footprint=RES_0201
Change Physical Footprint: Designator=R76 Old Footprint=RES_0201 New Footprint=RES_0201
Change Physical Footprint: Designator=R77 Old Footprint=RES_0201 New Footprint=RES_0201
Change Physical Footprint: Designator=R78 Old Footprint=RES_0201 New Footprint=RES_0201
Change Physical Footprint: Designator=R79 Old Footprint=RES_0201 New Footprint=RES_0201
Change Physical Footprint: Designator=R80 Old Footprint=RES_0201 New Footprint=RES_0201
Change Physical Footprint: Designator=R81 Old Footprint=RES_0201 New Footprint=RES_0201
Change Physical Footprint: Designator=R82 Old Footprint=RES_0201 New Footprint=RES_0201
Change Physical Footprint: Designator=R83 Old Footprint=RES_0201 New Footprint=RES_0201
Change Physical Footprint: Designator=R84 Old Footprint=RES_0201 New Footprint=RES_0201
Change Physical Footprint: Designator=R85 Old Footprint=RES_0201 New Footprint=RES_0201
Change Physical Footprint: Designator=R86 Old Footprint=RES_0201 New Footprint=RES_0201
Change Physical Footprint: Designator=R87 Old Footprint=RES_0201 New Footprint=RES_0201
Change Physical Footprint: Designator=R88 Old Footprint=RES_0201 New Footprint=RES_0201
Change Physical Footprint: Designator=R89 Old Footprint=RES_0201 New Footprint=RES_0201
Change Physical Footprint: Designator=R90 Old Footprint=RES_0201 New Footprint=RES_0201
Change Physical Footprint: Designator=R91 Old Footprint=RES_0201 New Footprint=RES_0201
Change Physical Footprint: Designator=R92 Old Footprint=RES_0402 New Footprint=RES_0402
Change Physical Footprint: Designator=R93 Old Footprint=RES_0402 New Footprint=RES_0402
Change Physical Footprint: Designator=R94 Old Footprint=RES_0402 New Footprint=RES_0402
Change Physical Footprint: Designator=R95 Old Footprint=RES_0402 New Footprint=RES_0402
Change Physical Footprint: Designator=R96 Old Footprint=RES_0402 New Footprint=RES_0402
Change Physical Footprint: Designator=R97 Old Footprint=RES_0402 New Footprint=RES_0402
Change Physical Footprint: Designator=R98 Old Footprint=RES_0402 New Footprint=RES_0402
Change Physical Footprint: Designator=R99 Old Footprint=RES_0402 New Footprint=RES_0402
Change Physical Footprint: Designator=R100 Old Footprint=RES_0402 New Footprint=RES_0402
Change Physical Footprint: Designator=R101 Old Footprint=RES_0402 New Footprint=RES_0402
Change Physical Footprint: Designator=R102 Old Footprint=RES_0402 New Footprint=RES_0402
Change Physical Footprint: Designator=R103 Old Footprint=RES_0402 New Footprint=RES_0402
Change Physical Footprint: Designator=R104 Old Footprint=RES_0402 New Footprint=RES_0402
Change Physical Footprint: Designator=R105 Old Footprint=RES_0402 New Footprint=RES_0402
Change Physical Footprint: Designator=R106 Old Footprint=RES_0402 New Footprint=RES_0402
Change Physical Footprint: Designator=R107 Old Footprint=RES_0402 New Footprint=RES_0402
Change Physical Footprint: Designator=R108 Old Footprint=RES_0402 New Footprint=RES_0402
Change Physical Footprint: Designator=R109 Old Footprint=RES_0402 New Footprint=RES_0402
Change Physical Footprint: Designator=R110 Old Footprint=RES_0402 New Footprint=RES_0402
Change Physical Footprint: Designator=R111 Old Footprint=RES_0402 New Footprint=RES_0402
Change Physical Footprint: Designator=R112 Old Footprint=RES_0402 New Footprint=RES_0402
Change Physical Footprint: Designator=R113 Old Footprint=RES_0402 New Footprint=RES_0402
Change Physical Footprint: Designator=R114 Old Footprint=RES_0402 New Footprint=RES_0402
Change Physical Footprint: Designator=R115 Old Footprint=RES_0402 New Footprint=RES_0402
Change Physical Footprint: Designator=R116 Old Footprint=RES_0402 New Footprint=RES_0402
Change Physical Footprint: Designator=R117 Old Footprint=RES_0402 New Footprint=RES_0402
Change Physical Footprint: Designator=R118 Old Footprint=RES_0402 New Footprint=RES_0402
Change Physical Footprint: Designator=R119 Old Footprint=RES_0402 New Footprint=RES_0402
Change Physical Footprint: Designator=R120 Old Footprint=RES_0402 New Footprint=RES_0402
Change Physical Footprint: Designator=R121 Old Footprint=RES_0402 New Footprint=RES_0402
Change Physical Footprint: Designator=R122 Old Footprint=RES_0402 New Footprint=RES_0402
Change Physical Footprint: Designator=R123 Old Footprint=RES_0402 New Footprint=RES_0402
Change Physical Footprint: Designator=R124 Old Footprint=RES_0402 New Footprint=RES_0402
Change Physical Footprint: Designator=R125 Old Footprint=RES_0402 New Footprint=RES_0402
Change Physical Footprint: Designator=R126 Old Footprint=RES_0402 New Footprint=RES_0402
Change Physical Footprint: Designator=R127 Old Footprint=RES_0402 New Footprint=RES_0402
Change Physical Footprint: Designator=R128 Old Footprint=RES_0402 New Footprint=RES_0402
Change Physical Footprint: Designator=R129 Old Footprint=RES_0402 New Footprint=RES_0402
Change Physical Footprint: Designator=R130 Old Footprint=RES_0402 New Footprint=RES_0402
Change Physical Footprint: Designator=R131 Old Footprint=RES_0402 New Footprint=RES_0402
Change Physical Footprint: Designator=R132 Old Footprint=RES_0402 New Footprint=RES_0402
Change Physical Footprint: Designator=SW1 Old Footprint=SW_177_39.3X77.7_SMD New Footprint=SW_177_39.3X77.7_SMD
Change Physical Footprint: Designator=SW2 Old Footprint=SW_177_39.3X77.7_SMD New Footprint=SW_177_39.3X77.7_SMD
Change Physical Footprint: Designator=SW3 Old Footprint=SW_177_39.3X77.7_SMD New Footprint=SW_177_39.3X77.7_SMD
Change Physical Footprint: Designator=U1 Old Footprint=FBGA200_SMD New Footprint=FBGA200_SMD
Change Physical Footprint: Designator=U2 Old Footprint=FBGA200_SMD New Footprint=FBGA200_SMD
Change Physical Footprint: Designator=U3 Old Footprint=BGA153C50P14X14_1150X1300X70 New Footprint=BGA153C50P14X14_1150X1300X70
Change Physical Footprint: Designator=U4 Old Footprint=NFBGA_31.4_125.9X102.36 New Footprint=NFBGA_31.4_125.9X102.36
Change Physical Footprint: Designator=U5 Old Footprint=MOD_WF60 New Footprint=MOD_WF60
Change Physical Footprint: Designator=U6 Old Footprint=DFN-6_37.4_165_33X15_SMD New Footprint=DFN-6_37.4_165_33X15_SMD
Change Physical Footprint: Designator=U7 Old Footprint=SC70-5 New Footprint=SC70-5
Change Physical Footprint: Designator=U8 Old Footprint=FBGA828_23_826X826 New Footprint=FBGA828_23_826X826
Change Physical Footprint: Designator=U9 Old Footprint=SC70-5 New Footprint=SC70-5
Change Physical Footprint: Designator=U10 Old Footprint=MLP-14_98.4X98.4_SMD New Footprint=MLP-14_98.4X98.4_SMD
Change Physical Footprint: Designator=U11 Old Footprint=SOT23-5 New Footprint=SOT23-5
Change Physical Footprint: Designator=U12 Old Footprint=QFN48_19.6_324X324_SMD New Footprint=QFN48_19.6_324X324_SMD
Change Physical Footprint: Designator=U13 Old Footprint=SOT23-8 New Footprint=SOT23-8
Change Physical Footprint: Designator=U14 Old Footprint=QFN-12_19_118X118_SMD New Footprint=QFN-12_19_118X118_SMD
Change Physical Footprint: Designator=U15 Old Footprint=SC70-5 New Footprint=SC70-5
Change Physical Footprint: Designator=U16 Old Footprint=CSP20_15.7_100x84_SMD New Footprint=CSP20_15.7_100x84_SMD
Change Physical Footprint: Designator=U17 Old Footprint=CSP20_15.7_100x84_SMD New Footprint=CSP20_15.7_100x84_SMD
Change Physical Footprint: Designator=U18 Old Footprint=WDFN-6_26_133X100_SMD New Footprint=WDFN-6_26_133X100_SMD
Change Physical Footprint: Designator=U19 Old Footprint=WDFN-6_26_133X100_SMD New Footprint=WDFN-6_26_133X100_SMD
Change Physical Footprint: Designator=U20 Old Footprint=QFN68_13.7_220.4X220.4_SMD New Footprint=QFN68_13.7_220.4X220.4_SMD
Change Physical Footprint: Designator=Y1 Old Footprint=XTAL_57_35X31_SMD New Footprint=XTAL_57_35X31_SMD
Change Physical Footprint: Designator=Y2 Old Footprint=XTAL_ABM8AIG-24.000MHZ-12-2Z-T3 New Footprint=XTAL_ABM8AIG-24.000MHZ-12-2Z-T3
Change Physical Footprint: Designator=Y3 Old Footprint=XTAL_ABM8AIG-24.000MHZ-12-2Z-T3 New Footprint=XTAL_ABM8AIG-24.000MHZ-12-2Z-T3
Change Physical Footprint: Designator=Y4 Old Footprint=XTAL_ECS-.327-6-34RR-TR New Footprint=XTAL_ECS-.327-6-34RR-TR
