Removed Pin From Net: NetName=GND Pin=C111-1
Removed Pin From Net: NetName=VDD_CPU_L Pin=C111-2
Removed Pin From Net: NetName=GND Pin=C124-1
Removed Pin From Net: NetName=VDD_CPU_L Pin=C124-2
Removed Pin From Net: NetName=GND Pin=C125-1
Removed Pin From Net: NetName=VDD_CPU_L Pin=C125-2
Removed Pin From Net: NetName=GND Pin=C140-1
Removed Pin From Net: NetName=VDD_CPU_B Pin=C140-2
Removed Pin From Net: NetName=GND Pin=C141-1
Removed Pin From Net: NetName=VDD_CPU_B Pin=C141-2
Removed Pin From Net: NetName=VDD_LOG Pin=U8-L17
Removed Pin From Net: NetName=VDD_LOG Pin=U8-M17
Removed Pin From Net: NetName=VDD_LOG Pin=U8-T17
Removed Pin From Net: NetName=VDD_LOG Pin=U8-U17
Removed Pin From Net: NetName=VDD_LOG Pin=U8-U18
Removed Pin From Net: NetName=VDD_LOG Pin=U8-U20
Removed Pin From Net: NetName=VDD_LOG Pin=U8-V18
Removed Pin From Net: NetName=VDD_LOG Pin=U8-V19
Removed Pin From Net: NetName=VDD_LOG Pin=U8-V20
Removed Pin From Net: NetName=VDD_LOG Pin=U8-V21
Removed Pin From Net: NetName=VDD_LOG Pin=U8-V22
Removed Pin From Net: NetName=VDD_LOG Pin=U8-W20
Removed Member From Class: ClassName=RK3399_Power_Pins Member=C111
Removed Member From Class: ClassName=RK3399_Power_Pins Member=C124
Removed Member From Class: ClassName=RK3399_Power_Pins Member=C125
Removed Member From Class: ClassName=RK3399_Power_Pins Member=C140
Removed Member From Class: ClassName=RK3399_Power_Pins Member=C141
Added Pin To Net: NetName=NetU8_L17 Pin=U8-L17
Added Pin To Net: NetName=NetU8_L17 Pin=U8-M17
Added Pin To Net: NetName=NetU8_L17 Pin=U8-T17
Added Pin To Net: NetName=NetU8_L17 Pin=U8-U17
Added Pin To Net: NetName=NetU8_L17 Pin=U8-U18
Added Pin To Net: NetName=NetU8_L17 Pin=U8-U20
Added Pin To Net: NetName=NetU8_L17 Pin=U8-V18
Added Pin To Net: NetName=NetU8_L17 Pin=U8-V19
Added Pin To Net: NetName=NetU8_L17 Pin=U8-V20
Added Pin To Net: NetName=NetU8_L17 Pin=U8-V21
Added Pin To Net: NetName=NetU8_L17 Pin=U8-V22
Added Pin To Net: NetName=NetU8_L17 Pin=U8-W20
Added Net: Name=NetU8_L17
