Change Component Designator: Old Designator=C? New Designator=C271
Change Component Designator: Old Designator=C? New Designator=C272
Change Component Designator: Old Designator=C? New Designator=C273
Change Component Designator: Old Designator=C? New Designator=C274
Change Component Designator: Old Designator=C? New Designator=C275
Change Component Designator: Old Designator=C? New Designator=C276
Change Component Designator: Old Designator=C? New Designator=C277
Change Component Designator: Old Designator=C? New Designator=C278
Change Component Designator: Old Designator=C? New Designator=C279
Change Component Designator: Old Designator=C? New Designator=C280
Change Component Designator: Old Designator=C? New Designator=C281
Change Component Designator: Old Designator=C? New Designator=C282
Change Component Designator: Old Designator=C? New Designator=C283
Change Component Designator: Old Designator=C? New Designator=C284
Change Component Designator: Old Designator=C? New Designator=C285
Change Component Designator: Old Designator=C? New Designator=C286
Change Component Designator: Old Designator=C? New Designator=C287
Change Component Designator: Old Designator=C? New Designator=C288
Change Component Designator: Old Designator=C? New Designator=C289
Change Component Designator: Old Designator=C? New Designator=C290
Change Component Designator: Old Designator=J? New Designator=J5
Change Component Designator: Old Designator=L? New Designator=L2
Change Component Designator: Old Designator=L? New Designator=L3
Change Component Designator: Old Designator=Q? New Designator=Q2
Change Component Designator: Old Designator=R? New Designator=R95
Change Component Designator: Old Designator=R? New Designator=R96
Change Component Designator: Old Designator=R? New Designator=R97
Change Component Designator: Old Designator=R? New Designator=R98
Change Component Designator: Old Designator=R? New Designator=R99
Change Component Designator: Old Designator=R? New Designator=R100
Change Component Designator: Old Designator=R? New Designator=R101
Change Component Designator: Old Designator=R? New Designator=R102
Change Component Designator: Old Designator=R? New Designator=R103
Change Component Designator: Old Designator=R? New Designator=R104
Change Component Designator: Old Designator=R? New Designator=R105
Change Component Designator: Old Designator=U? New Designator=U13
Change Component Designator: Old Designator=U? New Designator=U14
Change Component Designator: Old Designator=U? New Designator=U15
