Change Component Designator: Old Designator=C? New Designator=C313
Change Component Designator: Old Designator=C? New Designator=C314
Change Component Designator: Old Designator=C? New Designator=C315
Change Component Designator: Old Designator=C? New Designator=C316
Change Component Designator: Old Designator=C? New Designator=C317
Change Component Designator: Old Designator=C? New Designator=C318
Change Component Designator: Old Designator=C? New Designator=C319
Change Component Designator: Old Designator=C? New Designator=C320
Change Component Designator: Old Designator=C? New Designator=C321
Change Component Designator: Old Designator=C? New Designator=C322
Change Component Designator: Old Designator=C? New Designator=C323
Change Component Designator: Old Designator=C? New Designator=C324
Change Component Designator: Old Designator=C? New Designator=C325
Change Component Designator: Old Designator=C? New Designator=C326
Change Component Designator: Old Designator=C? New Designator=C327
Change Component Designator: Old Designator=C? New Designator=C328
Change Component Designator: Old Designator=C? New Designator=C329
Change Component Designator: Old Designator=C? New Designator=C330
Change Component Designator: Old Designator=C? New Designator=C331
Change Component Designator: Old Designator=C? New Designator=C332
Change Component Designator: Old Designator=C? New Designator=C333
Change Component Designator: Old Designator=C? New Designator=C334
Change Component Designator: Old Designator=C? New Designator=C335
Change Component Designator: Old Designator=C? New Designator=C336
Change Component Designator: Old Designator=C? New Designator=C337
Change Component Designator: Old Designator=C? New Designator=C338
Change Component Designator: Old Designator=C? New Designator=C339
Change Component Designator: Old Designator=C? New Designator=C340
Change Component Designator: Old Designator=C? New Designator=C341
Change Component Designator: Old Designator=C? New Designator=C342
Change Component Designator: Old Designator=C? New Designator=C343
Change Component Designator: Old Designator=C? New Designator=C344
Change Component Designator: Old Designator=C? New Designator=C345
Change Component Designator: Old Designator=C? New Designator=C346
Change Component Designator: Old Designator=C? New Designator=C347
Change Component Designator: Old Designator=C? New Designator=C348
Change Component Designator: Old Designator=C? New Designator=C349
Change Component Designator: Old Designator=C? New Designator=C350
Change Component Designator: Old Designator=C? New Designator=C351
Change Component Designator: Old Designator=C? New Designator=C352
Change Component Designator: Old Designator=D? New Designator=D5
Change Component Designator: Old Designator=D? New Designator=D6
Change Component Designator: Old Designator=D? New Designator=D7
Change Component Designator: Old Designator=L? New Designator=L8
Change Component Designator: Old Designator=L? New Designator=L9
Change Component Designator: Old Designator=L? New Designator=L10
Change Component Designator: Old Designator=L? New Designator=L11
Change Component Designator: Old Designator=Q? New Designator=Q5
Change Component Designator: Old Designator=Q? New Designator=Q6
Change Component Designator: Old Designator=R? New Designator=R122
Change Component Designator: Old Designator=R? New Designator=R123
Change Component Designator: Old Designator=R? New Designator=R124
Change Component Designator: Old Designator=R? New Designator=R125
Change Component Designator: Old Designator=R? New Designator=R126
Change Component Designator: Old Designator=R? New Designator=R127
Change Component Designator: Old Designator=R? New Designator=R128
Change Component Designator: Old Designator=R? New Designator=R129
Change Component Designator: Old Designator=R? New Designator=R130
Change Component Designator: Old Designator=R? New Designator=R131
Change Component Designator: Old Designator=R? New Designator=R132
Change Component Designator: Old Designator=U? New Designator=U20
Change Component Designator: Old Designator=U? New Designator=U20
Change Component Designator: Old Designator=U? New Designator=U20
Change Component Designator: Old Designator=U? New Designator=U20
Change Component Designator: Old Designator=U? New Designator=U20
Change Component Designator: Old Designator=U? New Designator=U20
Change Component Designator: Old Designator=U? New Designator=U20
Change Component Designator: Old Designator=Y? New Designator=Y4
