Change Component Designator: Old Designator=C? New Designator=C237
Change Component Designator: Old Designator=C? New Designator=C238
Change Component Designator: Old Designator=C? New Designator=C239
Change Component Designator: Old Designator=C? New Designator=C240
Change Component Designator: Old Designator=C? New Designator=C241
Change Component Designator: Old Designator=C? New Designator=C242
Change Component Designator: Old Designator=C? New Designator=C243
Change Component Designator: Old Designator=C? New Designator=C244
Change Component Designator: Old Designator=C? New Designator=C245
Change Component Designator: Old Designator=C? New Designator=C246
Change Component Designator: Old Designator=C? New Designator=C247
Change Component Designator: Old Designator=C? New Designator=C248
Change Component Designator: Old Designator=C? New Designator=C249
Change Component Designator: Old Designator=C? New Designator=C250
Change Component Designator: Old Designator=D? New Designator=D4
Change Component Designator: Old Designator=J? New Designator=J3
Change Component Designator: Old Designator=R? New Designator=R63
Change Component Designator: Old Designator=R? New Designator=R64
Change Component Designator: Old Designator=R? New Designator=R65
Change Component Designator: Old Designator=R? New Designator=R66
Change Component Designator: Old Designator=R? New Designator=R67
Change Component Designator: Old Designator=R? New Designator=R68
Change Component Designator: Old Designator=U? New Designator=U10
Change Component Designator: Old Designator=U? New Designator=U11
